INFO:root:Epoch [6/6], Step [10/1549], Loss: 0.0490
INFO:root:Epoch [6/6], Step [20/1549], Loss: 0.0833
INFO:root:Epoch [6/6], Step [30/1549], Loss: 0.0413
INFO:root:Epoch [6/6], Step [40/1549], Loss: 0.0632
INFO:root:Epoch [6/6], Step [50/1549], Loss: 0.0361
INFO:root:Epoch [6/6], Step [60/1549], Loss: 0.0593
INFO:root:Epoch [6/6], Step [70/1549], Loss: 0.0755
INFO:root:Epoch [6/6], Step [80/1549], Loss: 0.0581
INFO:root:Epoch [6/6], Step [90/1549], Loss: 0.0416
INFO:root:Epoch [6/6], Step [100/1549], Loss: 0.0535
INFO:root:Epoch [6/6], Step [110/1549], Loss: 0.1109
INFO:root:Epoch [6/6], Step [120/1549], Loss: 0.0855
INFO:root:Epoch [6/6], Step [130/1549], Loss: 0.0678
INFO:root:Epoch [6/6], Step [140/1549], Loss: 0.0457
INFO:root:Epoch [6/6], Step [150/1549], Loss: 0.0471
INFO:root:Epoch [6/6], Step [160/1549], Loss: 0.0526
INFO:root:Epoch [6/6], Step [170/1549], Loss: 0.0754
INFO:root:Epoch [6/6], Step [180/1549], Loss: 0.0311
INFO:root:Epoch [6/6], Step [190/1549], Loss: 0.0378
INFO:root:Epoch [6/6], Step [200/1549], Loss: 0.0677
INFO:root:Epoch [6/6], Step [210/1549], Loss: 0.0582
INFO:root:Epoch [6/6], Step [220/1549], Loss: 0.1018
INFO:root:Epoch [6/6], Step [230/1549], Loss: 0.0757
INFO:root:Epoch [6/6], Step [240/1549], Loss: 0.0488
INFO:root:Epoch [6/6], Step [250/1549], Loss: 0.0539
INFO:root:Epoch [6/6], Step [260/1549], Loss: 0.0513
INFO:root:Epoch [6/6], Step [270/1549], Loss: 0.1155
INFO:root:Epoch [6/6], Step [280/1549], Loss: 0.0797
INFO:root:Epoch [6/6], Step [290/1549], Loss: 0.0504
INFO:root:Epoch [6/6], Step [300/1549], Loss: 0.0317
INFO:root:Epoch [6/6], Step [310/1549], Loss: 0.0991
INFO:root:Epoch [6/6], Step [320/1549], Loss: 0.0654
INFO:root:Epoch [6/6], Step [330/1549], Loss: 0.0502
INFO:root:Epoch [6/6], Step [340/1549], Loss: 0.0556
INFO:root:Epoch [6/6], Step [350/1549], Loss: 0.0287
INFO:root:Epoch [6/6], Step [360/1549], Loss: 0.0361
INFO:root:Epoch [6/6], Step [370/1549], Loss: 0.0499
INFO:root:Epoch [6/6], Step [380/1549], Loss: 0.0421
INFO:root:Epoch [6/6], Step [390/1549], Loss: 0.0407
INFO:root:Epoch [6/6], Step [400/1549], Loss: 0.0453
INFO:root:Epoch [6/6], Step [410/1549], Loss: 0.1484
INFO:root:Epoch [6/6], Step [420/1549], Loss: 0.0817
INFO:root:Epoch [6/6], Step [430/1549], Loss: 0.0659
INFO:root:Epoch [6/6], Step [440/1549], Loss: 0.0754
INFO:root:Epoch [6/6], Step [450/1549], Loss: 0.1067
INFO:root:Epoch [6/6], Step [460/1549], Loss: 0.1443
INFO:root:Epoch [6/6], Step [470/1549], Loss: 0.0791
INFO:root:Epoch [6/6], Step [480/1549], Loss: 0.0468
INFO:root:Epoch [6/6], Step [490/1549], Loss: 0.0956
INFO:root:Epoch [6/6], Step [500/1549], Loss: 0.0504
INFO:root:Epoch [6/6], Step [510/1549], Loss: 0.0769
INFO:root:Epoch [6/6], Step [520/1549], Loss: 0.0609
INFO:root:Epoch [6/6], Step [530/1549], Loss: 0.0263
INFO:root:Epoch [6/6], Step [540/1549], Loss: 0.0654
INFO:root:Epoch [6/6], Step [550/1549], Loss: 0.0647
INFO:root:Epoch [6/6], Step [560/1549], Loss: 0.0457
INFO:root:Epoch [6/6], Step [570/1549], Loss: 0.0361
INFO:root:Epoch [6/6], Step [580/1549], Loss: 0.0967
INFO:root:Epoch [6/6], Step [590/1549], Loss: 0.0923
INFO:root:Epoch [6/6], Step [600/1549], Loss: 0.0432
INFO:root:Epoch [6/6], Step [610/1549], Loss: 0.0231
INFO:root:Epoch [6/6], Step [620/1549], Loss: 0.0722
INFO:root:Epoch [6/6], Step [630/1549], Loss: 0.0837
INFO:root:Epoch [6/6], Step [640/1549], Loss: 0.0888
INFO:root:Epoch [6/6], Step [650/1549], Loss: 0.0924
INFO:root:Epoch [6/6], Step [660/1549], Loss: 0.0465
INFO:root:Epoch [6/6], Step [670/1549], Loss: 0.0501
INFO:root:Epoch [6/6], Step [680/1549], Loss: 0.0704
INFO:root:Epoch [6/6], Step [690/1549], Loss: 0.0312
INFO:root:Epoch [6/6], Step [700/1549], Loss: 0.0486
INFO:root:Epoch [6/6], Step [710/1549], Loss: 0.0415
INFO:root:Epoch [6/6], Step [720/1549], Loss: 0.0640
INFO:root:Epoch [6/6], Step [730/1549], Loss: 0.0480
INFO:root:Epoch [6/6], Step [740/1549], Loss: 0.0697
INFO:root:Epoch [6/6], Step [750/1549], Loss: 0.0371
INFO:root:Epoch [6/6], Step [760/1549], Loss: 0.0737
INFO:root:Epoch [6/6], Step [770/1549], Loss: 0.0309
INFO:root:Epoch [6/6], Step [780/1549], Loss: 0.0936
INFO:root:Epoch [6/6], Step [790/1549], Loss: 0.0484
INFO:root:Epoch [6/6], Step [800/1549], Loss: 0.0962
INFO:root:Epoch [6/6], Step [810/1549], Loss: 0.0526
INFO:root:Epoch [6/6], Step [820/1549], Loss: 0.0483
INFO:root:Epoch [6/6], Step [830/1549], Loss: 0.1102
INFO:root:Epoch [6/6], Step [840/1549], Loss: 0.0738
INFO:root:Epoch [6/6], Step [850/1549], Loss: 0.0350
INFO:root:Epoch [6/6], Step [860/1549], Loss: 0.0597
INFO:root:Epoch [6/6], Step [870/1549], Loss: 0.0627
INFO:root:Epoch [6/6], Step [880/1549], Loss: 0.1199
INFO:root:Epoch [6/6], Step [890/1549], Loss: 0.0506
INFO:root:Epoch [6/6], Step [900/1549], Loss: 0.0490
INFO:root:Epoch [6/6], Step [910/1549], Loss: 0.0329
INFO:root:Epoch [6/6], Step [920/1549], Loss: 0.0613
INFO:root:Epoch [6/6], Step [930/1549], Loss: 0.0301
INFO:root:Epoch [6/6], Step [940/1549], Loss: 0.0285
INFO:root:Epoch [6/6], Step [950/1549], Loss: 0.0695
INFO:root:Epoch [6/6], Step [960/1549], Loss: 0.0487
INFO:root:Epoch [6/6], Step [970/1549], Loss: 0.0477
INFO:root:Epoch [6/6], Step [980/1549], Loss: 0.0324
INFO:root:Epoch [6/6], Step [990/1549], Loss: 0.0685
INFO:root:Epoch [6/6], Step [1000/1549], Loss: 0.0262
INFO:root:Epoch [6/6], Step [1010/1549], Loss: 0.0858
INFO:root:Epoch [6/6], Step [1020/1549], Loss: 0.0928
INFO:root:Epoch [6/6], Step [1030/1549], Loss: 0.0435
INFO:root:Epoch [6/6], Step [1040/1549], Loss: 0.0751
INFO:root:Epoch [6/6], Step [1050/1549], Loss: 0.0567
INFO:root:Epoch [6/6], Step [1060/1549], Loss: 0.0654
INFO:root:Epoch [6/6], Step [1070/1549], Loss: 0.0621
INFO:root:Epoch [6/6], Step [1080/1549], Loss: 0.0955
INFO:root:Epoch [6/6], Step [1090/1549], Loss: 0.0276
INFO:root:Epoch [6/6], Step [1100/1549], Loss: 0.0959
INFO:root:Epoch [6/6], Step [1110/1549], Loss: 0.0507
INFO:root:Epoch [6/6], Step [1120/1549], Loss: 0.0429
INFO:root:Epoch [6/6], Step [1130/1549], Loss: 0.0609
INFO:root:Epoch [6/6], Step [1140/1549], Loss: 0.0572
INFO:root:Epoch [6/6], Step [1150/1549], Loss: 0.0685
INFO:root:Epoch [6/6], Step [1160/1549], Loss: 0.0920
INFO:root:Epoch [6/6], Step [1170/1549], Loss: 0.0590
INFO:root:Epoch [6/6], Step [1180/1549], Loss: 0.0652
INFO:root:Epoch [6/6], Step [1190/1549], Loss: 0.0915
INFO:root:Epoch [6/6], Step [1200/1549], Loss: 0.0628
INFO:root:Epoch [6/6], Step [1210/1549], Loss: 0.0254
INFO:root:Epoch [6/6], Step [1220/1549], Loss: 0.0497
INFO:root:Epoch [6/6], Step [1230/1549], Loss: 0.0994
INFO:root:Epoch [6/6], Step [1240/1549], Loss: 0.0282
INFO:root:Epoch [6/6], Step [1250/1549], Loss: 0.1179
INFO:root:Epoch [6/6], Step [1260/1549], Loss: 0.0827
INFO:root:Epoch [6/6], Step [1270/1549], Loss: 0.0641
INFO:root:Epoch [6/6], Step [1280/1549], Loss: 0.0508
INFO:root:Epoch [6/6], Step [1290/1549], Loss: 0.0769
INFO:root:Epoch [6/6], Step [1300/1549], Loss: 0.0560
INFO:root:Epoch [6/6], Step [1310/1549], Loss: 0.0456
INFO:root:Epoch [6/6], Step [1320/1549], Loss: 0.0549
INFO:root:Epoch [6/6], Step [1330/1549], Loss: 0.0194
INFO:root:Epoch [6/6], Step [1340/1549], Loss: 0.0629
INFO:root:Epoch [6/6], Step [1350/1549], Loss: 0.0685
INFO:root:Epoch [6/6], Step [1360/1549], Loss: 0.0704
INFO:root:Epoch [6/6], Step [1370/1549], Loss: 0.0723
INFO:root:Epoch [6/6], Step [1380/1549], Loss: 0.0670
INFO:root:Epoch [6/6], Step [1390/1549], Loss: 0.0466
INFO:root:Epoch [6/6], Step [1400/1549], Loss: 0.0551
INFO:root:Epoch [6/6], Step [1410/1549], Loss: 0.0419
INFO:root:Epoch [6/6], Step [1420/1549], Loss: 0.0413
INFO:root:Epoch [6/6], Step [1430/1549], Loss: 0.0462
INFO:root:Epoch [6/6], Step [1440/1549], Loss: 0.0290
INFO:root:Epoch [6/6], Step [1450/1549], Loss: 0.0274
INFO:root:Epoch [6/6], Step [1460/1549], Loss: 0.0525
INFO:root:Epoch [6/6], Step [1470/1549], Loss: 0.0760
INFO:root:Epoch [6/6], Step [1480/1549], Loss: 0.0362
INFO:root:Epoch [6/6], Step [1490/1549], Loss: 0.0530
INFO:root:Epoch [6/6], Step [1500/1549], Loss: 0.0316
INFO:root:Epoch [6/6], Step [1510/1549], Loss: 0.0465
INFO:root:Epoch [6/6], Step [1520/1549], Loss: 0.0404
INFO:root:Epoch [6/6], Step [1530/1549], Loss: 0.0490
INFO:root:Epoch [6/6], Step [1540/1549], Loss: 0.0466
INFO:root:Epoch [6/6], Step [1549/1549], Loss: 0.0582
INFO:root:Epoch [6] Training Loss: 0.0607
INFO:root:Epoch [6] Validation Loss: 0.0660
INFO:root:Saved best model at epoch 6 with val loss 0.0660
INFO:root:Final model saved.
